<html><body><h2>Test Execution Summary - 11-Feb-2020 16:59:07</h2>LoginSuccess(TestSuite) ComparisonFailure expected:<... into a secure area![.]"> but was:<... into a secure area![]"><br/>LoginFailedPassword(TestSuite) Passed<br/>SortOrderVerification(TestSuite) Passed<br/>LoginFailedUserName(TestSuite) Passed<br/>UserNameShownAtHover(TestSuite) Passed<br/></body></html><html><body><h2>Test Execution Summary - 11-Feb-2020 17:04:03</h2>LoginSuccess(TestSuite) ComparisonFailure expected:<... into a secure area![.]"> but was:<... into a secure area![]"><br/>LoginFailedPassword(TestSuite) Passed<br/>SortOrderVerification(TestSuite) Passed<br/>LoginFailedUserName(TestSuite) Passed<br/>UserNameShownAtHover(TestSuite) Passed<br/></body></html><html><body><h2>Test Execution Summary - 11-Feb-2020 17:29:02</h2>LoginSuccess(TestSuite) Passed<br/></body></html><html><body><h2>Test Execution Summary - 11-Feb-2020 21:24:35</h2>LoginSuccess(TestSuite) Passed<br/>LoginFailedPassword(TestSuite) Passed<br/>SortOrderVerification(TestSuite) Passed<br/>LoginFailedUserName(TestSuite) Passed<br/>UserNameShownAtHover(TestSuite) Passed<br/></body></html><html><body><h2>Test Execution Summary - 11-Feb-2020 21:28:22</h2>LoginSuccess(TestSuite) Passed<br/>LoginFailedPassword(TestSuite) Passed<br/>SortOrderVerification(TestSuite) Passed<br/>LoginFailedUserName(TestSuite) Passed<br/>UserNameShownAtHover(TestSuite) Passed<br/></body></html><html><body><h2>Test Execution Summary - 11-Feb-2020 21:37:10</h2>LoginSuccess(TestSuite) Passed<br/>LoginFailedPassword(TestSuite) Passed<br/>SortOrderVerification(TestSuite) Passed<br/>LoginFailedUserName(TestSuite) Passed<br/>UserNameShownAtHover(TestSuite) Passed<br/></body></html><html><body><h2>Test Execution Summary - 11-Feb-2020 21:50:15</h2>LoginSuccess(TestSuite) Passed<br/>LoginFailedPassword(TestSuite) Passed<br/>SortOrderVerification(TestSuite) Passed<br/>LoginFailedUserName(TestSuite) Passed<br/>UserNameShownAtHover(TestSuite) Passed<br/></body></html><html><body><h2>Test Execution Summary - 11-Feb-2020 21:51:02</h2>LoginSuccess(TestSuite) Passed<br/>LoginFailedPassword(TestSuite) Passed<br/>SortOrderVerification(TestSuite) Passed<br/>LoginFailedUserName(TestSuite) Passed<br/>UserNameShownAtHover(TestSuite) Passed<br/></body></html><html><body><h2>Test Execution Summary - 11-Feb-2020 21:52:19</h2>LoginSuccess(TestSuite) ComparisonFailure expected:<"You[ logged into a secure area]!"> but was:<"You[r password is invalid]!"><br/>LoginFailedPassword(TestSuite) Passed<br/>SortOrderVerification(TestSuite) Passed<br/>LoginFailedUserName(TestSuite) Passed<br/>UserNameShownAtHover(TestSuite) Passed<br/></body></html><html><body><h2>Test Execution Summary - 11-Feb-2020 21:54:26</h2>LoginSuccess(TestSuite) ComparisonFailure expected:<"You[ logged into a secure area]!"> but was:<"You[r password is invalid]!"><br/>LoginFailedPassword(TestSuite) Passed<br/>SortOrderVerification(TestSuite) Passed<br/>LoginFailedUserName(TestSuite) Passed<br/>UserNameShownAtHover(TestSuite) Passed<br/></body></html><html><body><h2>Test Execution Summary - 11-Feb-2020 21:55:06</h2>LoginSuccess(TestSuite) ComparisonFailure expected:<"You[ logged into a secure area]!"> but was:<"You[r password is invalid]!"><br/>LoginFailedPassword(TestSuite) Passed<br/>SortOrderVerification(TestSuite) Passed<br/>LoginFailedUserName(TestSuite) Passed<br/>UserNameShownAtHover(TestSuite) Passed<br/></body></html><html><body><h2>Test Execution Summary - 11-Feb-2020 21:56:22</h2>LoginSuccess(TestSuite) ComparisonFailure expected:<"You[ logged into a secure area]!"> but was:<"You[r password is invalid]!"><br/>LoginFailedPassword(TestSuite) Passed<br/>SortOrderVerification(TestSuite) Passed<br/>LoginFailedUserName(TestSuite) Passed<br/>UserNameShownAtHover(TestSuite) Passed<br/></body></html><html><body><h2>Test Execution Summary - 11-Feb-2020 21:57:53</h2>LoginSuccess(TestSuite) ComparisonFailure expected:<"You[ logged into a secure area]!"> but was:<"You[r password is invalid]!"><br/>LoginFailedPassword(TestSuite) Passed<br/>SortOrderVerification(TestSuite) Passed<br/>LoginFailedUserName(TestSuite) Passed<br/>UserNameShownAtHover(TestSuite) Passed<br/></body></html><html><body><h2>Test Execution Summary - 11-Feb-2020 21:58:40</h2>LoginSuccess(TestSuite) Passed<br/>LoginFailedPassword(TestSuite) Passed<br/>SortOrderVerification(TestSuite) Passed<br/>LoginFailedUserName(TestSuite) Passed<br/>UserNameShownAtHover(TestSuite) Passed<br/></body></html><html><body><h2>Test Execution Summary - 11-Feb-2020 21:59:29</h2>LoginSuccess(TestSuite) Passed<br/>LoginFailedPassword(TestSuite) Passed<br/>SortOrderVerification(TestSuite) Passed<br/>LoginFailedUserName(TestSuite) Passed<br/>UserNameShownAtHover(TestSuite) Passed<br/></body></html><html><body><h2>Test Execution Summary - 11-Feb-2020 22:00:11</h2>LoginSuccess(TestSuite) Passed<br/>LoginFailedPassword(TestSuite) Passed<br/>SortOrderVerification(TestSuite) Passed<br/>LoginFailedUserName(TestSuite) Passed<br/>UserNameShownAtHover(TestSuite) Passed<br/></body></html><html><body><h2>Test Execution Summary - 11-Feb-2020 22:01:07</h2>LoginSuccess(TestSuite) ComparisonFailure expected:<"You[ logged into a secure area]!"> but was:<"You[r password is invalid]!"><br/>LoginFailedPassword(TestSuite) Passed<br/>SortOrderVerification(TestSuite) Passed<br/>LoginFailedUserName(TestSuite) Passed<br/>UserNameShownAtHover(TestSuite) Passed<br/></body></html><html><body><h2>Test Execution Summary - 11-Feb-2020 22:02:22</h2>LoginSuccess(TestSuite) ComparisonFailure expected:<"You[ logged into a secure area]!"> but was:<"You[r password is invalid]!"><br/>LoginFailedPassword(TestSuite) Passed<br/>SortOrderVerification(TestSuite) Passed<br/>LoginFailedUserName(TestSuite) Passed<br/>UserNameShownAtHover(TestSuite) Passed<br/></body></html><html><body><h2>Test Execution Summary - 11-Feb-2020 22:03:16</h2>LoginSuccess(TestSuite) ComparisonFailure expected:<"You[ logged into a secure area]!"> but was:<"You[r password is invalid]!"><br/>LoginFailedPassword(TestSuite) Passed<br/>SortOrderVerification(TestSuite) Passed<br/>LoginFailedUserName(TestSuite) Passed<br/>UserNameShownAtHover(TestSuite) Passed<br/></body></html><html><body><h2>Test Execution Summary - 11-Feb-2020 22:04:24</h2>LoginSuccess(TestSuite) Passed<br/>LoginFailedPassword(TestSuite) Passed<br/>SortOrderVerification(TestSuite) Passed<br/>LoginFailedUserName(TestSuite) Passed<br/>UserNameShownAtHover(TestSuite) Passed<br/></body></html><html><body><h2>Test Execution Summary - 11-Feb-2020 22:05:09</h2>LoginSuccess(TestSuite) Passed<br/>LoginFailedPassword(TestSuite) Passed<br/>SortOrderVerification(TestSuite) Passed<br/>LoginFailedUserName(TestSuite) Passed<br/>UserNameShownAtHover(TestSuite) Passed<br/></body></html><html><body><h2>Test Execution Summary - 11-Feb-2020 22:05:58</h2>LoginSuccess(TestSuite) Passed<br/>LoginFailedPassword(TestSuite) Passed<br/>SortOrderVerification(TestSuite) Passed<br/>LoginFailedUserName(TestSuite) Passed<br/>UserNameShownAtHover(TestSuite) Passed<br/></body></html><html><body><h2>Test Execution Summary - 11-Feb-2020 22:08:40</h2>LoginSuccess(TestSuite) Passed<br/>LoginFailedPassword(TestSuite) Passed<br/>SortOrderVerification(TestSuite) Passed<br/>LoginFailedUserName(TestSuite) Passed<br/>UserNameShownAtHover(TestSuite) Passed<br/></body></html><html><body><h2>Test Execution Summary - 11-Feb-2020 22:11:27</h2>LoginSuccess(TestSuite) ComparisonFailure expected:<... into a secure area![ ]"> but was:<... into a secure area![]"><br/>LoginFailedPassword(TestSuite) Passed<br/>SortOrderVerification(TestSuite) Passed<br/>LoginFailedUserName(TestSuite) Passed<br/>UserNameShownAtHover(TestSuite) Passed<br/></body></html><html><body><h2>Test Execution Summary - 11-Feb-2020 22:12:14</h2>LoginSuccess(TestSuite) ComparisonFailure expected:<... into a secure area![ ]"> but was:<... into a secure area![]"><br/>LoginFailedPassword(TestSuite) Passed<br/>SortOrderVerification(TestSuite) Passed<br/>LoginFailedUserName(TestSuite) Passed<br/>UserNameShownAtHover(TestSuite) Passed<br/></body></html><html><body><h2>Test Execution Summary - 11-Feb-2020 22:13:37</h2>LoginSuccess(TestSuite) ComparisonFailure expected:<... into a secure area![ ]"> but was:<... into a secure area![]"><br/>LoginFailedPassword(TestSuite) Passed<br/>SortOrderVerification(TestSuite) Passed<br/>LoginFailedUserName(TestSuite) Passed<br/>UserNameShownAtHover(TestSuite) Passed<br/></body></html><html><body><h2>Test Execution Summary - 11-Feb-2020 22:14:20</h2>LoginSuccess(TestSuite) ComparisonFailure expected:<... into a secure area![ ]"> but was:<... into a secure area![]"><br/>LoginFailedPassword(TestSuite) Passed<br/>SortOrderVerification(TestSuite) Passed<br/>LoginFailedUserName(TestSuite) Passed<br/>UserNameShownAtHover(TestSuite) Passed<br/></body></html><html><body><h2>Test Execution Summary - 11-Feb-2020 22:15:18</h2>LoginSuccess(TestSuite) Passed<br/>LoginFailedPassword(TestSuite) Passed<br/>SortOrderVerification(TestSuite) Passed<br/>LoginFailedUserName(TestSuite) Passed<br/>UserNameShownAtHover(TestSuite) Passed<br/></body></html><html><body><h2>Test Execution Summary - 11-Feb-2020 22:15:46</h2>LoginSuccess(TestSuite) Passed<br/>LoginFailedPassword(TestSuite) Passed<br/>SortOrderVerification(TestSuite) Passed<br/>LoginFailedUserName(TestSuite) Passed<br/>UserNameShownAtHover(TestSuite) Passed<br/></body></html><html><body><h2>Test Execution Summary - 11-Feb-2020 22:16:36</h2>LoginSuccess(TestSuite) Passed<br/>LoginFailedPassword(TestSuite) Passed<br/>SortOrderVerification(TestSuite) Passed<br/>LoginFailedUserName(TestSuite) Passed<br/>UserNameShownAtHover(TestSuite) Passed<br/></body></html><html><body><h2>Test Execution Summary - 11-Feb-2020 22:17:08</h2>LoginSuccess(TestSuite) Passed<br/>LoginFailedPassword(TestSuite) Passed<br/>SortOrderVerification(TestSuite) Passed<br/>LoginFailedUserName(TestSuite) Passed<br/>UserNameShownAtHover(TestSuite) Passed<br/></body></html><html><body><h2>Test Execution Summary - 11-Feb-2020 22:42:21</h2>LoginSuccess(TestSuite) Passed<br/>LoginFailedPassword(TestSuite) Passed<br/>SortOrderVerification(TestSuite) Passed<br/>LoginFailedUserName(TestSuite) Passed<br/>UserNameShownAtHover(TestSuite) Passed<br/></body></html><html><body><h2>Test Execution Summary - 11-Feb-2020 22:45:46</h2>LoginSuccess(TestSuite) Passed<br/>LoginFailedPassword(TestSuite) Passed<br/>SortOrderVerification(TestSuite) Passed<br/>LoginFailedUserName(TestSuite) Passed<br/>UserNameShownAtHover(TestSuite) Passed<br/></body></html><html><body><h2>Test Execution Summary - 11-Feb-2020 22:47:48</h2>LoginSuccess(TestSuite) Passed<br/>LoginFailedPassword(TestSuite) Passed<br/>SortOrderVerification(TestSuite) Passed<br/>LoginFailedUserName(TestSuite) Passed<br/>UserNameShownAtHover(TestSuite) Passed<br/></body></html><html><body><h2>Test Execution Summary - 11-Feb-2020 22:52:20</h2>LoginSuccess(TestSuite) Passed<br/>LoginFailedPassword(TestSuite) Passed<br/>SortOrderVerification(TestSuite) Passed<br/>LoginFailedUserName(TestSuite) Passed<br/>UserNameShownAtHover(TestSuite) Passed<br/></body></html><html><body><h2>Test Execution Summary - 11-Feb-2020 22:53:43</h2>LoginSuccess(TestSuite) Passed<br/>LoginFailedPassword(TestSuite) Passed<br/>SortOrderVerification(TestSuite) Passed<br/>testFails(TestSuite) AssertionError ops<br/>LoginFailedUserName(TestSuite) Passed<br/>UserNameShownAtHover(TestSuite) Passed<br/></body></html><html><body><h2>Test Execution Summary - 11-Feb-2020 23:10:43</h2>LoginSuccess(TestSuite) Passed<br/>LoginFailedPassword(TestSuite) Passed<br/>SortOrderVerification(TestSuite) Passed<br/>testFails(TestSuite) AssertionError ops<br/>LoginFailedUserName(TestSuite) Passed<br/>UserNameShownAtHover(TestSuite) Passed<br/></body></html><html><body><h2>Test Execution Summary - 11-Feb-2020 23:23:21</h2>LoginSuccess(TestSuite) Passed<br/>LoginFailedPassword(TestSuite) Passed<br/>SortOrderVerification(TestSuite) Passed<br/>LoginFailedUserName(TestSuite) Passed<br/>UserNameShownAtHover(TestSuite) Passed<br/></body></html><html><body><h2>Test Execution Summary - 11-Feb-2020 23:48:02</h2>LoginSuccess(TestSuite) ComparisonFailure expected:<... into a secure area![ ]"> but was:<... into a secure area![]"><br/>LoginFailedPassword(TestSuite) Passed<br/>SortOrderVerification(TestSuite) Passed<br/>LoginFailedUserName(TestSuite) Passed<br/>UserNameShownAtHover(TestSuite) Passed<br/></body></html><html><body><h2>Test Execution Summary - 12-Feb-2020 09:00:46</h2>loginSuccessTest(TestSuite) Passed<br/>loginFailedPasswordTest(TestSuite) Passed<br/>userNameShownAtHoverTest(TestSuite) Passed<br/>loginFailedUserNameTest(TestSuite) Passed<br/>sortOrderVerificationTest(TestSuite) Passed<br/></body></html>